# JRE version: OpenJDK Runtime Environment Temurin-21.0.8+9 (21.0.8+9) (build 21.0.8+9-LTS)
# Java VM: OpenJDK 64-Bit Server VM Temurin-21.0.8+9 (21.0.8+9-LTS, mixed mode, sharing, tiered, compressed oops, compressed class ptrs, parallel gc, windows-amd64)
GC Precious Log:
 CardTable entry size: 512
 CPUs: 8 total, 8 available
 Memory: 8072M
 Large Page Support: Disabled
 NUMA Support: Disabled
 Compressed Oops: Enabled (32-bit)
 Alignments: Space 512K, Generation 512K, Heap 2M
 Heap Min Capacity: 100M
 Heap Initial Capacity: 100M
 Heap Max Capacity: 2G
 Pre-touch: Disabled
 Parallel Workers: 8
Heap:
 PSYoungGen      total 2560K, used 187K [0x00000000d5580000, 0x00000000d5900000, 0x0000000100000000)
  eden space 2048K, 7% used [0x00000000d5580000,0x00000000d55a6d60,0x00000000d5780000)
  from space 512K, 6% used [0x00000000d5800000,0x00000000d5808000,0x00000000d5880000)
  to   space 512K, 0% used [0x00000000d5880000,0x00000000d5880000,0x00000000d5900000)
 ParOldGen       total 1039872K, used 1039434K [0x0000000080000000, 0x00000000bf780000, 0x00000000d5580000)
  object space 1039872K, 99% used [0x0000000080000000,0x00000000bf712bd8,0x00000000bf780000)
 Metaspace       used 96676K, committed 98240K, reserved 1179648K
  class space    used 9453K, committed 10176K, reserved 1048576K
GC Heap History (20 events):
Event: 302404.246 GC heap before
{Heap before GC invocations=26934 (full 14):
 PSYoungGen      total 2048K, used 1568K [0x00000000d5580000, 0x00000000d5900000, 0x0000000100000000)
  eden space 1536K, 100% used [0x00000000d5580000,0x00000000d5700000,0x00000000d5700000)
  from space 512K, 6% used [0x00000000d5800000,0x00000000d5808000,0x00000000d5880000)
  to   space 512K, 0% used [0x00000000d5880000,0x00000000d5880000,0x00000000d5900000)
 ParOldGen       total 1039872K, used 1039370K [0x0000000080000000, 0x00000000bf780000, 0x00000000d5580000)
  object space 1039872K, 99% used [0x0000000080000000,0x00000000bf702bd8,0x00000000bf780000)
 Metaspace       used 96676K, committed 98240K, reserved 1179648K
  class space    used 9453K, committed 10176K, reserved 1048576K
}
Event: 302404.252 GC heap after
{Heap after GC invocations=26934 (full 14):
 PSYoungGen      total 2048K, used 128K [0x00000000d5580000, 0x00000000d5900000, 0x0000000100000000)
  eden space 1536K, 0% used [0x00000000d5580000,0x00000000d5580000,0x00000000d5700000)
  from space 512K, 25% used [0x00000000d5880000,0x00000000d58a0000,0x00000000d5900000)
  to   space 512K, 0% used [0x00000000d5800000,0x00000000d5800000,0x00000000d5880000)
 ParOldGen       total 1039872K, used 1039370K [0x0000000080000000, 0x00000000bf780000, 0x00000000d5580000)
  object space 1039872K, 99% used [0x0000000080000000,0x00000000bf702bd8,0x00000000bf780000)
 Metaspace       used 96676K, committed 98240K, reserved 1179648K
  class space    used 9453K, committed 10176K, reserved 1048576K
}
Event: 302404.256 GC heap before
{Heap before GC invocations=26935 (full 14):
 PSYoungGen      total 2048K, used 1664K [0x00000000d5580000, 0x00000000d5900000, 0x0000000100000000)
  eden space 1536K, 100% used [0x00000000d5580000,0x00000000d5700000,0x00000000d5700000)
  from space 512K, 25% used [0x00000000d5880000,0x00000000d58a0000,0x00000000d5900000)
  to   space 512K, 0% used [0x00000000d5800000,0x00000000d5800000,0x00000000d5880000)
 ParOldGen       total 1039872K, used 1039370K [0x0000000080000000, 0x00000000bf780000, 0x00000000d5580000)
  object space 1039872K, 99% used [0x0000000080000000,0x00000000bf702bd8,0x00000000bf780000)
 Metaspace       used 96676K, committed 98240K, reserved 1179648K
  class space    used 9453K, committed 10176K, reserved 1048576K
}
Event: 302404.258 GC heap after
{Heap after GC invocations=26935 (full 14):
 PSYoungGen      total 2048K, used 0K [0x00000000d5580000, 0x00000000d5900000, 0x0000000100000000)
  eden space 1536K, 0% used [0x00000000d5580000,0x00000000d5580000,0x00000000d5700000)
  from space 512K, 0% used [0x00000000d5800000,0x00000000d5800000,0x00000000d5880000)
  to   space 512K, 0% used [0x00000000d5880000,0x00000000d5880000,0x00000000d5900000)
 ParOldGen       total 1039872K, used 1039402K [0x0000000080000000, 0x00000000bf780000, 0x00000000d5580000)
  object space 1039872K, 99% used [0x0000000080000000,0x00000000bf70abd8,0x00000000bf780000)
 Metaspace       used 96676K, committed 98240K, reserved 1179648K
  class space    used 9453K, committed 10176K, reserved 1048576K
}
Event: 345889.648 GC heap before
{Heap before GC invocations=26936 (full 14):
 PSYoungGen      total 2048K, used 1536K [0x00000000d5580000, 0x00000000d5900000, 0x0000000100000000)
  eden space 1536K, 100% used [0x00000000d5580000,0x00000000d5700000,0x00000000d5700000)
  from space 512K, 0% used [0x00000000d5800000,0x00000000d5800000,0x00000000d5880000)
  to   space 512K, 0% used [0x00000000d5880000,0x00000000d5880000,0x00000000d5900000)
 ParOldGen       total 1039872K, used 1039402K [0x0000000080000000, 0x00000000bf780000, 0x00000000d5580000)
  object space 1039872K, 99% used [0x0000000080000000,0x00000000bf70abd8,0x00000000bf780000)
 Metaspace       used 96676K, committed 98240K, reserved 1179648K
  class space    used 9453K, committed 10176K, reserved 1048576K
}
Event: 345889.651 GC heap after
{Heap after GC invocations=26936 (full 14):
 PSYoungGen      total 2048K, used 128K [0x00000000d5580000, 0x00000000d5900000, 0x0000000100000000)
  eden space 1536K, 0% used [0x00000000d5580000,0x00000000d5580000,0x00000000d5700000)
  from space 512K, 25% used [0x00000000d5880000,0x00000000d58a0000,0x00000000d5900000)
  to   space 512K, 0% used [0x00000000d5800000,0x00000000d5800000,0x00000000d5880000)
 ParOldGen       total 1039872K, used 1039402K [0x0000000080000000, 0x00000000bf780000, 0x00000000d5580000)
  object space 1039872K, 99% used [0x0000000080000000,0x00000000bf70abd8,0x00000000bf780000)
 Metaspace       used 96676K, committed 98240K, reserved 1179648K
  class space    used 9453K, committed 10176K, reserved 1048576K
}
Event: 345889.655 GC heap before
{Heap before GC invocations=26937 (full 14):
 PSYoungGen      total 2048K, used 1664K [0x00000000d5580000, 0x00000000d5900000, 0x0000000100000000)
  eden space 1536K, 100% used [0x00000000d5580000,0x00000000d5700000,0x00000000d5700000)
  from space 512K, 25% used [0x00000000d5880000,0x00000000d58a0000,0x00000000d5900000)
  to   space 512K, 0% used [0x00000000d5800000,0x00000000d5800000,0x00000000d5880000)
 ParOldGen       total 1039872K, used 1039402K [0x0000000080000000, 0x00000000bf780000, 0x00000000d5580000)
  object space 1039872K, 99% used [0x0000000080000000,0x00000000bf70abd8,0x00000000bf780000)
 Metaspace       used 96676K, committed 98240K, reserved 1179648K
  class space    used 9453K, committed 10176K, reserved 1048576K
}
Event: 345889.656 GC heap after
{Heap after GC invocations=26937 (full 14):
 PSYoungGen      total 2048K, used 32K [0x00000000d5580000, 0x00000000d5900000, 0x0000000100000000)
  eden space 1536K, 0% used [0x00000000d5580000,0x00000000d5580000,0x00000000d5700000)
  from space 512K, 6% used [0x00000000d5800000,0x00000000d5808000,0x00000000d5880000)
  to   space 512K, 0% used [0x00000000d5880000,0x00000000d5880000,0x00000000d5900000)
 ParOldGen       total 1039872K, used 1039426K [0x0000000080000000, 0x00000000bf780000, 0x00000000d5580000)
  object space 1039872K, 99% used [0x0000000080000000,0x00000000bf710bd8,0x00000000bf780000)
 Metaspace       used 96676K, committed 98240K, reserved 1179648K
  class space    used 9453K, committed 10176K, reserved 1048576K
}
Event: 345889.660 GC heap before
{Heap before GC invocations=26938 (full 14):
 PSYoungGen      total 2048K, used 1568K [0x00000000d5580000, 0x00000000d5900000, 0x0000000100000000)
  eden space 1536K, 100% used [0x00000000d5580000,0x00000000d5700000,0x00000000d5700000)
  from space 512K, 6% used [0x00000000d5800000,0x00000000d5808000,0x00000000d5880000)
  to   space 512K, 0% used [0x00000000d5880000,0x00000000d5880000,0x00000000d5900000)
 ParOldGen       total 1039872K, used 1039426K [0x0000000080000000, 0x00000000bf780000, 0x00000000d5580000)
  object space 1039872K, 99% used [0x0000000080000000,0x00000000bf710bd8,0x00000000bf780000)
 Metaspace       used 96676K, committed 98240K, reserved 1179648K
  class space    used 9453K, committed 10176K, reserved 1048576K
}
Event: 345889.663 GC heap after
{Heap after GC invocations=26938 (full 14):
 PSYoungGen      total 2560K, used 32K [0x00000000d5580000, 0x00000000d5900000, 0x0000000100000000)
  eden space 2048K, 0% used [0x00000000d5580000,0x00000000d5580000,0x00000000d5780000)
  from space 512K, 6% used [0x00000000d5880000,0x00000000d5888000,0x00000000d5900000)
  to   space 512K, 0% used [0x00000000d5800000,0x00000000d5800000,0x00000000d5880000)
 ParOldGen       total 1039872K, used 1039426K [0x0000000080000000, 0x00000000bf780000, 0x00000000d5580000)
  object space 1039872K, 99% used [0x0000000080000000,0x00000000bf710bd8,0x00000000bf780000)
 Metaspace       used 96676K, committed 98240K, reserved 1179648K
  class space    used 9453K, committed 10176K, reserved 1048576K
}
Event: 345893.018 GC heap before
{Heap before GC invocations=26939 (full 14):
 PSYoungGen      total 2560K, used 2080K [0x00000000d5580000, 0x00000000d5900000, 0x0000000100000000)
  eden space 2048K, 100% used [0x00000000d5580000,0x00000000d5780000,0x00000000d5780000)
  from space 512K, 6% used [0x00000000d5880000,0x00000000d5888000,0x00000000d5900000)
  to   space 512K, 0% used [0x00000000d5800000,0x00000000d5800000,0x00000000d5880000)
 ParOldGen       total 1039872K, used 1039426K [0x0000000080000000, 0x00000000bf780000, 0x00000000d5580000)
  object space 1039872K, 99% used [0x0000000080000000,0x00000000bf710bd8,0x00000000bf780000)
 Metaspace       used 96676K, committed 98240K, reserved 1179648K
  class space    used 9453K, committed 10176K, reserved 1048576K
}
Event: 345893.021 GC heap after
{Heap after GC invocations=26939 (full 14):
 PSYoungGen      total 2560K, used 0K [0x00000000d5580000, 0x00000000d5900000, 0x0000000100000000)
  eden space 2048K, 0% used [0x00000000d5580000,0x00000000d5580000,0x00000000d5780000)
  from space 512K, 0% used [0x00000000d5800000,0x00000000d5800000,0x00000000d5880000)
  to   space 512K, 0% used [0x00000000d5880000,0x00000000d5880000,0x00000000d5900000)
 ParOldGen       total 1039872K, used 1039426K [0x0000000080000000, 0x00000000bf780000, 0x00000000d5580000)
  object space 1039872K, 99% used [0x0000000080000000,0x00000000bf710bd8,0x00000000bf780000)
 Metaspace       used 96676K, committed 98240K, reserved 1179648K
  class space    used 9453K, committed 10176K, reserved 1048576K
}
Event: 345894.336 GC heap before
{Heap before GC invocations=26940 (full 14):
 PSYoungGen      total 2560K, used 2048K [0x00000000d5580000, 0x00000000d5900000, 0x0000000100000000)
  eden space 2048K, 100% used [0x00000000d5580000,0x00000000d5780000,0x00000000d5780000)
  from space 512K, 0% used [0x00000000d5800000,0x00000000d5800000,0x00000000d5880000)
  to   space 512K, 0% used [0x00000000d5880000,0x00000000d5880000,0x00000000d5900000)
 ParOldGen       total 1039872K, used 1039426K [0x0000000080000000, 0x00000000bf780000, 0x00000000d5580000)
  object space 1039872K, 99% used [0x0000000080000000,0x00000000bf710bd8,0x00000000bf780000)
 Metaspace       used 96676K, committed 98240K, reserved 1179648K
  class space    used 9453K, committed 10176K, reserved 1048576K
}
Event: 345894.338 GC heap after
{Heap after GC invocations=26940 (full 14):
 PSYoungGen      total 2560K, used 32K [0x00000000d5580000, 0x00000000d5900000, 0x0000000100000000)
  eden space 2048K, 0% used [0x00000000d5580000,0x00000000d5580000,0x00000000d5780000)
  from space 512K, 6% used [0x00000000d5880000,0x00000000d5888000,0x00000000d5900000)
  to   space 512K, 0% used [0x00000000d5800000,0x00000000d5800000,0x00000000d5880000)
 ParOldGen       total 1039872K, used 1039426K [0x0000000080000000, 0x00000000bf780000, 0x00000000d5580000)
  object space 1039872K, 99% used [0x0000000080000000,0x00000000bf710bd8,0x00000000bf780000)
 Metaspace       used 96676K, committed 98240K, reserved 1179648K
  class space    used 9453K, committed 10176K, reserved 1048576K
}
Event: 345895.798 GC heap before
{Heap before GC invocations=26941 (full 14):
 PSYoungGen      total 2560K, used 2080K [0x00000000d5580000, 0x00000000d5900000, 0x0000000100000000)
  eden space 2048K, 100% used [0x00000000d5580000,0x00000000d5780000,0x00000000d5780000)
  from space 512K, 6% used [0x00000000d5880000,0x00000000d5888000,0x00000000d5900000)
  to   space 512K, 0% used [0x00000000d5800000,0x00000000d5800000,0x00000000d5880000)
 ParOldGen       total 1039872K, used 1039426K [0x0000000080000000, 0x00000000bf780000, 0x00000000d5580000)
  object space 1039872K, 99% used [0x0000000080000000,0x00000000bf710bd8,0x00000000bf780000)
 Metaspace       used 96676K, committed 98240K, reserved 1179648K
  class space    used 9453K, committed 10176K, reserved 1048576K
}
Event: 345895.801 GC heap after
{Heap after GC invocations=26941 (full 14):
 PSYoungGen      total 2560K, used 32K [0x00000000d5580000, 0x00000000d5900000, 0x0000000100000000)
  eden space 2048K, 0% used [0x00000000d5580000,0x00000000d5580000,0x00000000d5780000)
  from space 512K, 6% used [0x00000000d5800000,0x00000000d5808000,0x00000000d5880000)
  to   space 512K, 0% used [0x00000000d5880000,0x00000000d5880000,0x00000000d5900000)
 ParOldGen       total 1039872K, used 1039426K [0x0000000080000000, 0x00000000bf780000, 0x00000000d5580000)
  object space 1039872K, 99% used [0x0000000080000000,0x00000000bf710bd8,0x00000000bf780000)
 Metaspace       used 96676K, committed 98240K, reserved 1179648K
  class space    used 9453K, committed 10176K, reserved 1048576K
}
Event: 345896.811 GC heap before
{Heap before GC invocations=26942 (full 14):
 PSYoungGen      total 2560K, used 2080K [0x00000000d5580000, 0x00000000d5900000, 0x0000000100000000)
  eden space 2048K, 100% used [0x00000000d5580000,0x00000000d5780000,0x00000000d5780000)
  from space 512K, 6% used [0x00000000d5800000,0x00000000d5808000,0x00000000d5880000)
  to   space 512K, 0% used [0x00000000d5880000,0x00000000d5880000,0x00000000d5900000)
 ParOldGen       total 1039872K, used 1039426K [0x0000000080000000, 0x00000000bf780000, 0x00000000d5580000)
  object space 1039872K, 99% used [0x0000000080000000,0x00000000bf710bd8,0x00000000bf780000)
 Metaspace       used 96676K, committed 98240K, reserved 1179648K
  class space    used 9453K, committed 10176K, reserved 1048576K
}
Event: 345896.812 GC heap after
{Heap after GC invocations=26942 (full 14):
 PSYoungGen      total 2560K, used 64K [0x00000000d5580000, 0x00000000d5900000, 0x0000000100000000)
  eden space 2048K, 0% used [0x00000000d5580000,0x00000000d5580000,0x00000000d5780000)
  from space 512K, 12% used [0x00000000d5880000,0x00000000d5890000,0x00000000d5900000)
  to   space 512K, 0% used [0x00000000d5800000,0x00000000d5800000,0x00000000d5880000)
 ParOldGen       total 1039872K, used 1039426K [0x0000000080000000, 0x00000000bf780000, 0x00000000d5580000)
  object space 1039872K, 99% used [0x0000000080000000,0x00000000bf710bd8,0x00000000bf780000)
 Metaspace       used 96676K, committed 98240K, reserved 1179648K
  class space    used 9453K, committed 10176K, reserved 1048576K
}
Event: 345898.071 GC heap before
{Heap before GC invocations=26943 (full 14):
 PSYoungGen      total 2560K, used 2112K [0x00000000d5580000, 0x00000000d5900000, 0x0000000100000000)
  eden space 2048K, 100% used [0x00000000d5580000,0x00000000d5780000,0x00000000d5780000)
  from space 512K, 12% used [0x00000000d5880000,0x00000000d5890000,0x00000000d5900000)
  to   space 512K, 0% used [0x00000000d5800000,0x00000000d5800000,0x00000000d5880000)
 ParOldGen       total 1039872K, used 1039426K [0x0000000080000000, 0x00000000bf780000, 0x00000000d5580000)
  object space 1039872K, 99% used [0x0000000080000000,0x00000000bf710bd8,0x00000000bf780000)
 Metaspace       used 96676K, committed 98240K, reserved 1179648K
  class space    used 9453K, committed 10176K, reserved 1048576K
}
Event: 345898.072 GC heap after
{Heap after GC invocations=26943 (full 14):
 PSYoungGen      total 2560K, used 32K [0x00000000d5580000, 0x00000000d5900000, 0x0000000100000000)
  eden space 2048K, 0% used [0x00000000d5580000,0x00000000d5580000,0x00000000d5780000)
  from space 512K, 6% used [0x00000000d5800000,0x00000000d5808000,0x00000000d5880000)
  to   space 512K, 0% used [0x00000000d5880000,0x00000000d5880000,0x00000000d5900000)
 ParOldGen       total 1039872K, used 1039434K [0x0000000080000000, 0x00000000bf780000, 0x00000000d5580000)
  object space 1039872K, 99% used [0x0000000080000000,0x00000000bf712bd8,0x00000000bf780000)
 Metaspace       used 96676K, committed 98240K, reserved 1179648K
  class space    used 9453K, committed 10176K, reserved 1048576K
}

